Flow report for sy03_04
Thu Dec 09 10:11:13 2021
Quartus II 64-Bit Version 13.1.0 Build 162 10/23/2013 SJ Web Edition


---------------------
; Table of Contents ;
---------------------
  1. Legal Notice
  2. Flow Summary
  3. Flow Settings
  4. Flow Non-Default Global Settings
  5. Flow Elapsed Time
  6. Flow OS Summary
  7. Flow Log
  8. Flow Messages
  9. Flow Suppressed Messages



----------------
; Legal Notice ;
----------------
Copyright (C) 1991-2013 Altera Corporation
Your use of Altera Corporation's design tools, logic functions 
and other software and tools, and its AMPP partner logic 
functions, and any output files from any of the foregoing 
(including device programming or simulation files), and any 
associated documentation or information are expressly subject 
to the terms and conditions of the Altera Program License 
Subscription Agreement, Altera MegaCore Function License 
Agreement, or other applicable license agreement, including, 
without limitation, that your use is for the sole purpose of 
programming logic devices manufactured by Altera and sold by 
Altera or its authorized distributors.  Please refer to the 
applicable agreement for further details.



+---------------------------------------------------------------------------------+
; Flow Summary                                                                    ;
+------------------------------------+--------------------------------------------+
; Flow Status                        ; Successful - Thu Dec 09 10:11:13 2021      ;
; Quartus II 64-Bit Version          ; 13.1.0 Build 162 10/23/2013 SJ Web Edition ;
; Revision Name                      ; sy03_04                                    ;
; Top-level Entity Name              ; sy03_dongtai_04                            ;
; Family                             ; Cyclone III                                ;
; Device                             ; EP3C16Q240C8                               ;
; Timing Models                      ; Final                                      ;
; Total logic elements               ; 47 / 15,408 ( < 1 % )                      ;
;     Total combinational functions  ; 36 / 15,408 ( < 1 % )                      ;
;     Dedicated logic registers      ; 23 / 15,408 ( < 1 % )                      ;
; Total registers                    ; 23                                         ;
; Total pins                         ; 7 / 161 ( 4 % )                            ;
; Total virtual pins                 ; 0                                          ;
; Total memory bits                  ; 0 / 516,096 ( 0 % )                        ;
; Embedded Multiplier 9-bit elements ; 0 / 112 ( 0 % )                            ;
; Total PLLs                         ; 0 / 4 ( 0 % )                              ;
+------------------------------------+--------------------------------------------+


+-----------------------------------------+
; Flow Settings                           ;
+-------------------+---------------------+
; Option            ; Setting             ;
+-------------------+---------------------+
; Start date & time ; 12/09/2021 10:10:57 ;
; Main task         ; Compilation         ;
; Revision Name     ; sy03_04             ;
+-------------------+---------------------+


+------------------------------------------------------------------------------------------------------------------------------------+
; Flow Non-Default Global Settings                                                                                                   ;
+-------------------------------------+-------------------------------------------+---------------+-----------------+----------------+
; Assignment Name                     ; Value                                     ; Default Value ; Entity Name     ; Section Id     ;
+-------------------------------------+-------------------------------------------+---------------+-----------------+----------------+
; COMPILER_SIGNATURE_ID               ; 88925245290351.163901585708452            ; --            ; --              ; --             ;
; EDA_NETLIST_WRITER_OUTPUT_DIR       ; D:/shudianshiyan/sy03_04/simulation/qsim/ ; --            ; --              ; eda_simulation ;
; EDA_OUTPUT_DATA_FORMAT              ; Verilog Hdl                               ; --            ; --              ; eda_simulation ;
; EDA_SIMULATION_TOOL                 ; ModelSim-Altera (Verilog)                 ; <None>        ; --              ; --             ;
; EDA_TIME_SCALE                      ; 1 ps                                      ; --            ; --              ; eda_simulation ;
; MAX_CORE_JUNCTION_TEMP              ; 85                                        ; --            ; --              ; --             ;
; MIN_CORE_JUNCTION_TEMP              ; 0                                         ; --            ; --              ; --             ;
; PARTITION_COLOR                     ; 16764057                                  ; --            ; sy03_dongtai_04 ; Top            ;
; PARTITION_FITTER_PRESERVATION_LEVEL ; PLACEMENT_AND_ROUTING                     ; --            ; sy03_dongtai_04 ; Top            ;
; PARTITION_NETLIST_TYPE              ; SOURCE                                    ; --            ; sy03_dongtai_04 ; Top            ;
; POWER_BOARD_THERMAL_MODEL           ; None (CONSERVATIVE)                       ; --            ; --              ; --             ;
; POWER_PRESET_COOLING_SOLUTION       ; 23 MM HEAT SINK WITH 200 LFPM AIRFLOW     ; --            ; --              ; --             ;
; PROJECT_OUTPUT_DIRECTORY            ; output_files                              ; --            ; --              ; --             ;
; TOP_LEVEL_ENTITY                    ; sy03_dongtai_04                           ; sy03_04       ; --              ; --             ;
+-------------------------------------+-------------------------------------------+---------------+-----------------+----------------+


+-------------------------------------------------------------------------------------------------------------------------------+
; Flow Elapsed Time                                                                                                             ;
+---------------------------+--------------+-------------------------+---------------------+------------------------------------+
; Module Name               ; Elapsed Time ; Average Processors Used ; Peak Virtual Memory ; Total CPU Time (on all processors) ;
+---------------------------+--------------+-------------------------+---------------------+------------------------------------+
; Analysis & Synthesis      ; 00:00:01     ; 1.0                     ; 4650 MB             ; 00:00:01                           ;
; Fitter                    ; 00:00:05     ; 1.6                     ; 5349 MB             ; 00:00:05                           ;
; Assembler                 ; 00:00:01     ; 1.0                     ; 4589 MB             ; 00:00:01                           ;
; TimeQuest Timing Analyzer ; 00:00:03     ; 1.0                     ; 4683 MB             ; 00:00:03                           ;
; EDA Netlist Writer        ; 00:00:00     ; 1.0                     ; 4541 MB             ; 00:00:01                           ;
; Total                     ; 00:00:10     ; --                      ; --                  ; 00:00:11                           ;
+---------------------------+--------------+-------------------------+---------------------+------------------------------------+


+----------------------------------------------------------------------------------------+
; Flow OS Summary                                                                        ;
+---------------------------+------------------+-----------+------------+----------------+
; Module Name               ; Machine Hostname ; OS Name   ; OS Version ; Processor type ;
+---------------------------+------------------+-----------+------------+----------------+
; Analysis & Synthesis      ; LAPTOP-6D4T4LOO  ; Windows 7 ; 6.2        ; x86_64         ;
; Fitter                    ; LAPTOP-6D4T4LOO  ; Windows 7 ; 6.2        ; x86_64         ;
; Assembler                 ; LAPTOP-6D4T4LOO  ; Windows 7 ; 6.2        ; x86_64         ;
; TimeQuest Timing Analyzer ; LAPTOP-6D4T4LOO  ; Windows 7 ; 6.2        ; x86_64         ;
; EDA Netlist Writer        ; LAPTOP-6D4T4LOO  ; Windows 7 ; 6.2        ; x86_64         ;
+---------------------------+------------------+-----------+------------+----------------+


------------
; Flow Log ;
------------
quartus_map --read_settings_files=on --write_settings_files=off sy03_04 -c sy03_04
quartus_fit --read_settings_files=off --write_settings_files=off sy03_04 -c sy03_04
quartus_asm --read_settings_files=off --write_settings_files=off sy03_04 -c sy03_04
quartus_sta sy03_04 -c sy03_04
quartus_eda --read_settings_files=off --write_settings_files=off sy03_04 -c sy03_04



