Flow report for sy03_m100_04
Thu Dec 09 11:44:11 2021
Quartus II 64-Bit Version 13.1.0 Build 162 10/23/2013 SJ Web Edition


---------------------
; Table of Contents ;
---------------------
  1. Legal Notice
  2. Flow Summary
  3. Flow Settings
  4. Flow Non-Default Global Settings
  5. Flow Elapsed Time
  6. Flow OS Summary
  7. Flow Log
  8. Flow Messages
  9. Flow Suppressed Messages



----------------
; Legal Notice ;
----------------
Copyright (C) 1991-2013 Altera Corporation
Your use of Altera Corporation's design tools, logic functions 
and other software and tools, and its AMPP partner logic 
functions, and any output files from any of the foregoing 
(including device programming or simulation files), and any 
associated documentation or information are expressly subject 
to the terms and conditions of the Altera Program License 
Subscription Agreement, Altera MegaCore Function License 
Agreement, or other applicable license agreement, including, 
without limitation, that your use is for the sole purpose of 
programming logic devices manufactured by Altera and sold by 
Altera or its authorized distributors.  Please refer to the 
applicable agreement for further details.



+---------------------------------------------------------------------------------+
; Flow Summary                                                                    ;
+------------------------------------+--------------------------------------------+
; Flow Status                        ; Successful - Thu Dec 09 11:44:11 2021      ;
; Quartus II 64-Bit Version          ; 13.1.0 Build 162 10/23/2013 SJ Web Edition ;
; Revision Name                      ; sy03_m100_04                               ;
; Top-level Entity Name              ; decoder                                    ;
; Family                             ; Cyclone III                                ;
; Device                             ; EP3C16Q240C8                               ;
; Timing Models                      ; Final                                      ;
; Total logic elements               ; 7 / 15,408 ( < 1 % )                       ;
;     Total combinational functions  ; 7 / 15,408 ( < 1 % )                       ;
;     Dedicated logic registers      ; 0 / 15,408 ( 0 % )                         ;
; Total registers                    ; 0                                          ;
; Total pins                         ; 11 / 161 ( 7 % )                           ;
; Total virtual pins                 ; 0                                          ;
; Total memory bits                  ; 0 / 516,096 ( 0 % )                        ;
; Embedded Multiplier 9-bit elements ; 0 / 112 ( 0 % )                            ;
; Total PLLs                         ; 0 / 4 ( 0 % )                              ;
+------------------------------------+--------------------------------------------+


+-----------------------------------------+
; Flow Settings                           ;
+-------------------+---------------------+
; Option            ; Setting             ;
+-------------------+---------------------+
; Start date & time ; 12/09/2021 11:36:08 ;
; Main task         ; Compilation         ;
; Revision Name     ; sy03_m100_04        ;
+-------------------+---------------------+


+-------------------------------------------------------------------------------------------------------------------------------------+
; Flow Non-Default Global Settings                                                                                                    ;
+-------------------------------------+------------------------------------------------+---------------+-------------+----------------+
; Assignment Name                     ; Value                                          ; Default Value ; Entity Name ; Section Id     ;
+-------------------------------------+------------------------------------------------+---------------+-------------+----------------+
; COMPILER_SIGNATURE_ID               ; 88925245290351.163902096817556                 ; --            ; --          ; --             ;
; EDA_NETLIST_WRITER_OUTPUT_DIR       ; D:/shudianshiyan/sy03_m100_04/simulation/qsim/ ; --            ; --          ; eda_simulation ;
; EDA_OUTPUT_DATA_FORMAT              ; Verilog Hdl                                    ; --            ; --          ; eda_simulation ;
; EDA_SIMULATION_TOOL                 ; ModelSim-Altera (Verilog)                      ; <None>        ; --          ; --             ;
; EDA_TIME_SCALE                      ; 1 ps                                           ; --            ; --          ; eda_simulation ;
; MAX_CORE_JUNCTION_TEMP              ; 85                                             ; --            ; --          ; --             ;
; MIN_CORE_JUNCTION_TEMP              ; 0                                              ; --            ; --          ; --             ;
; NOMINAL_CORE_SUPPLY_VOLTAGE         ; 1.2V                                           ; --            ; --          ; --             ;
; PARTITION_COLOR                     ; 16764057                                       ; --            ; decoder     ; Top            ;
; PARTITION_FITTER_PRESERVATION_LEVEL ; PLACEMENT_AND_ROUTING                          ; --            ; decoder     ; Top            ;
; PARTITION_NETLIST_TYPE              ; SOURCE                                         ; --            ; decoder     ; Top            ;
; PROJECT_OUTPUT_DIRECTORY            ; output_files                                   ; --            ; --          ; --             ;
; TOP_LEVEL_ENTITY                    ; decoder                                        ; sy03_m100_04  ; --          ; --             ;
+-------------------------------------+------------------------------------------------+---------------+-------------+----------------+


+-------------------------------------------------------------------------------------------------------------------------------+
; Flow Elapsed Time                                                                                                             ;
+---------------------------+--------------+-------------------------+---------------------+------------------------------------+
; Module Name               ; Elapsed Time ; Average Processors Used ; Peak Virtual Memory ; Total CPU Time (on all processors) ;
+---------------------------+--------------+-------------------------+---------------------+------------------------------------+
; Analysis & Synthesis      ; 00:00:01     ; 1.0                     ; 4638 MB             ; 00:00:01                           ;
; Fitter                    ; 00:00:05     ; 1.0                     ; 5328 MB             ; 00:00:04                           ;
; Assembler                 ; 00:00:01     ; 1.0                     ; 4585 MB             ; 00:00:01                           ;
; TimeQuest Timing Analyzer ; 00:00:02     ; 1.0                     ; 4670 MB             ; 00:00:01                           ;
; EDA Netlist Writer        ; 00:00:00     ; 1.0                     ; 4541 MB             ; 00:00:01                           ;
; EDA Netlist Writer        ; 00:00:00     ; 1.0                     ; 4553 MB             ; 00:00:01                           ;
; EDA Netlist Writer        ; 00:00:01     ; 1.0                     ; 4553 MB             ; 00:00:01                           ;
; Total                     ; 00:00:10     ; --                      ; --                  ; 00:00:10                           ;
+---------------------------+--------------+-------------------------+---------------------+------------------------------------+


+----------------------------------------------------------------------------------------+
; Flow OS Summary                                                                        ;
+---------------------------+------------------+-----------+------------+----------------+
; Module Name               ; Machine Hostname ; OS Name   ; OS Version ; Processor type ;
+---------------------------+------------------+-----------+------------+----------------+
; Analysis & Synthesis      ; LAPTOP-6D4T4LOO  ; Windows 7 ; 6.2        ; x86_64         ;
; Fitter                    ; LAPTOP-6D4T4LOO  ; Windows 7 ; 6.2        ; x86_64         ;
; Assembler                 ; LAPTOP-6D4T4LOO  ; Windows 7 ; 6.2        ; x86_64         ;
; TimeQuest Timing Analyzer ; LAPTOP-6D4T4LOO  ; Windows 7 ; 6.2        ; x86_64         ;
; EDA Netlist Writer        ; LAPTOP-6D4T4LOO  ; Windows 7 ; 6.2        ; x86_64         ;
; EDA Netlist Writer        ; LAPTOP-6D4T4LOO  ; Windows 7 ; 6.2        ; x86_64         ;
; EDA Netlist Writer        ; LAPTOP-6D4T4LOO  ; Windows 7 ; 6.2        ; x86_64         ;
+---------------------------+------------------+-----------+------------+----------------+


------------
; Flow Log ;
------------
quartus_map --read_settings_files=on --write_settings_files=off sy03_m100_04 -c sy03_m100_04
quartus_fit --read_settings_files=off --write_settings_files=off sy03_m100_04 -c sy03_m100_04
quartus_asm --read_settings_files=off --write_settings_files=off sy03_m100_04 -c sy03_m100_04
quartus_sta sy03_m100_04 -c sy03_m100_04
quartus_eda --read_settings_files=off --write_settings_files=off sy03_m100_04 -c sy03_m100_04
quartus_eda --gen_testbench --check_outputs=on --tool=modelsim_oem --format=verilog sy03_m100_04 -c sy03_m100_04 --vector_source=D:/shudianshiyan/sy03_m100_04/Waveform3.vwf --testbench_file=D:/shudianshiyan/sy03_m100_04/simulation/qsim/Waveform3.vwf.vt
quartus_eda --functional=off --flatten_buses=off --timescale=1ps --simulation=on --tool=modelsim_oem --format=verilog --output_directory=D:/shudianshiyan/sy03_m100_04/simulation/qsim/ sy03_m100_04 -c sy03_m100_04



